<?xml version="1.0" encoding="UTF-8"?>
<!-- Generated by org.testng.reporters.JUnitReportReporter -->
<testsuite skipped="0" hostname="DESKTOP-OSM92AT" name="MOCK.DP" tests="5" failures="0" timestamp="2022-11-03T11:12:37 IST" time="0.039" errors="0">
  <testcase name="test" time="0.021" classname="MOCK.DP"/>
  <system-out/>
  <testcase name="test" time="0.003" classname="MOCK.DP"/>
  <system-out/>
  <testcase name="test" time="0.004" classname="MOCK.DP"/>
  <system-out/>
  <testcase name="test" time="0.003" classname="MOCK.DP"/>
  <system-out/>
  <testcase name="test" time="0.008" classname="MOCK.DP"/>
  <system-out/>
</testsuite> <!-- MOCK.DP -->
