<?xml version="1.0" encoding="UTF-8"?>
<!-- Generated by org.testng.reporters.JUnitReportReporter -->
<testsuite skipped="0" hostname="DESKTOP-OSM92AT" name="Practice.cricbuzz" tests="1" failures="0" timestamp="2022-11-04T17:27:45 IST" time="80.993" errors="0">
  <testcase name="cricbuzzTest" time="80.993" classname="Practice.cricbuzz"/>
  <system-out/>
</testsuite> <!-- Practice.cricbuzz -->
