<?xml version="1.0" encoding="UTF-8"?>
<!-- Generated by org.testng.reporters.JUnitReportReporter -->
<testsuite skipped="0" hostname="DESKTOP-OSM92AT" name="Practice.G_AmazonWashingMachine" tests="1" failures="0" timestamp="2022-10-19T16:20:51 IST" time="139.195" errors="0">
  <testcase name="AmazonWashingMachine" time="139.195" classname="Practice.G_AmazonWashingMachine"/>
  <system-out/>
</testsuite> <!-- Practice.G_AmazonWashingMachine -->
