<?xml version="1.0" encoding="UTF-8"?>
<!-- Generated by org.testng.reporters.JUnitReportReporter -->
<testsuite skipped="0" hostname="DESKTOP-OSM92AT" name="MOCK.Dataprovider" tests="4" failures="0" timestamp="2022-11-03T12:18:07 IST" time="0.042" errors="0">
  <testcase name="test" time="0.029" classname="MOCK.Dataprovider"/>
  <system-out/>
  <testcase name="test" time="0.004" classname="MOCK.Dataprovider"/>
  <system-out/>
  <testcase name="test" time="0.004" classname="MOCK.Dataprovider"/>
  <system-out/>
  <testcase name="test" time="0.005" classname="MOCK.Dataprovider"/>
  <system-out/>
</testsuite> <!-- MOCK.Dataprovider -->
