<?xml version="1.0" encoding="UTF-8"?>
<!-- Generated by org.testng.reporters.JUnitReportReporter -->
<testsuite skipped="0" hostname="DESKTOP-OSM92AT" name="Practice.B_iccCricket" tests="1" failures="0" timestamp="2022-10-17T15:28:19 IST" time="74.359" errors="0">
  <testcase name="IccCricketTesT" time="74.359" classname="Practice.B_iccCricket"/>
  <system-out/>
</testsuite> <!-- Practice.B_iccCricket -->
