<?xml version="1.0" encoding="UTF-8"?>
<!-- Generated by org.testng.reporters.JUnitReportReporter -->
<testsuite skipped="0" hostname="DESKTOP-OSM92AT" name="Practice.F_MicTestScript" tests="1" failures="0" timestamp="2022-10-18T17:24:11 IST" time="46.889" errors="0">
  <testcase name="MicTestScript" time="46.889" classname="Practice.F_MicTestScript"/>
  <system-out/>
</testsuite> <!-- Practice.F_MicTestScript -->
