<?xml version="1.0" encoding="UTF-8"?>
<!-- Generated by org.testng.reporters.JUnitReportReporter -->
<testsuite skipped="0" hostname="DESKTOP-OSM92AT" name="MOCK.mockflipkart" tests="1" failures="0" timestamp="2022-10-31T17:55:30 IST" time="59.960" errors="0">
  <testcase name="filpKartTest" time="59.960" classname="MOCK.mockflipkart"/>
  <system-out/>
</testsuite> <!-- MOCK.mockflipkart -->
