<?xml version="1.0" encoding="UTF-8"?>
<!-- Generated by org.testng.reporters.JUnitReportReporter -->
<testsuite skipped="0" hostname="DESKTOP-OSM92AT" name="Practice.N_DPandExcel" tests="5" failures="0" timestamp="2022-11-08T17:09:58 IST" time="0.035" errors="0">
  <testcase name="test" time="0.001" classname="Practice.N_DPandExcel"/>
  <system-out/>
  <testcase name="test" time="0.008" classname="Practice.N_DPandExcel"/>
  <system-out/>
  <testcase name="test" time="0.000" classname="Practice.N_DPandExcel"/>
  <system-out/>
  <testcase name="test" time="0.008" classname="Practice.N_DPandExcel"/>
  <system-out/>
  <testcase name="test" time="0.018" classname="Practice.N_DPandExcel"/>
  <system-out/>
</testsuite> <!-- Practice.N_DPandExcel -->
