<?xml version="1.0" encoding="UTF-8"?>
<!-- Generated by org.testng.reporters.JUnitReportReporter -->
<testsuite skipped="0" hostname="DESKTOP-OSM92AT" name="Practice.P_ReadAndWriteDataFromExcelSimultaneously" tests="1" failures="0" timestamp="2022-11-09T15:54:20 IST" time="5.379" errors="0">
  <testcase name="ExcelData" time="5.379" classname="Practice.P_ReadAndWriteDataFromExcelSimultaneously"/>
  <system-out/>
</testsuite> <!-- Practice.P_ReadAndWriteDataFromExcelSimultaneously -->
